[33mÔØ»[39m Building...
[32mÔ£ö[39m Building...
[1mInitial chunk files[22m[2m | [22m[1mNames[22m                    [2m | [22m [1mRaw size[22m[2m | [22m[1mEstimated transfer size[22m
[32mchunk-SCH7FVGX.js[39m  [2m | [22m[2m-[22m                        [2m | [22m[36m459.02 kB[39m[2m | [22m               [36m83.22 kB[39m
[32mchunk-ZSC2ZXIS.js[39m  [2m | [22m[2m-[22m                        [2m | [22m[36m326.01 kB[39m[2m | [22m               [36m72.83 kB[39m
[32mchunk-3MKGXDKE.js[39m  [2m | [22m[2m-[22m                        [2m | [22m[36m219.72 kB[39m[2m | [22m               [36m66.03 kB[39m
[32mchunk-LQPGOUJI.js[39m  [2m | [22m[2m-[22m                        [2m | [22m[36m164.52 kB[39m[2m | [22m               [36m48.49 kB[39m
[32mstyles-FGRLYFN3.css[39m[2m | [22m[2mstyles[22m                   [2m | [22m [36m99.94 kB[39m[2m | [22m               [36m12.18 kB[39m
[32mchunk-U2GYIOR3.js[39m  [2m | [22m[2m-[22m                        [2m | [22m [36m48.48 kB[39m[2m | [22m                [36m9.59 kB[39m
[32mmain-6VTYZGND.js[39m   [2m | [22m[2mmain[22m                     [2m | [22m [36m33.81 kB[39m[2m | [22m                [36m9.51 kB[39m
[32mchunk-QGA6MO4A.js[39m  [2m | [22m[2m-[22m                        [2m | [22m [36m25.93 kB[39m[2m | [22m                [36m7.00 kB[39m
[32mchunk-VJIGWZGE.js[39m  [2m | [22m[2m-[22m                        [2m | [22m [36m23.17 kB[39m[2m | [22m                [36m7.57 kB[39m
[32mchunk-DJM2ALIP.js[39m  [2m | [22m[2m-[22m                        [2m | [22m [36m17.14 kB[39m[2m | [22m                [36m4.18 kB[39m
[32mchunk-A5DEFUWQ.js[39m  [2m | [22m[2m-[22m                        [2m | [22m  [36m8.86 kB[39m[2m | [22m                [36m3.19 kB[39m
[32mchunk-DELEAJYP.js[39m  [2m | [22m[2m-[22m                        [2m | [22m  [36m2.20 kB[39m[2m | [22m              [36m764 bytes[39m
[32mchunk-L4L2UJH6.js[39m  [2m | [22m[2m-[22m                        [2m | [22m  [36m1.76 kB[39m[2m | [22m              [36m737 bytes[39m
[32mchunk-7X4DNUZP.js[39m  [2m | [22m[2m-[22m                        [2m | [22m  [36m1.65 kB[39m[2m | [22m              [36m704 bytes[39m
[32mchunk-JEPA3ZOR.js[39m  [2m | [22m[2m-[22m                        [2m | [22m  [36m1.30 kB[39m[2m | [22m              [36m573 bytes[39m
[32mchunk-7CGTOI24.js[39m  [2m | [22m[2m-[22m                        [2m | [22m[36m618 bytes[39m[2m | [22m              [36m618 bytes[39m
[32mchunk-XQQ2RZYV.js[39m  [2m | [22m[2m-[22m                        [2m | [22m[36m307 bytes[39m[2m | [22m              [36m307 bytes[39m

[1m [22m                  [2m | [22m[1mInitial total[22m            [2m | [22m  [1m1.43 MB[22m[2m | [22m              [1m327.51 kB[22m

[1mLazy chunk files[22m   [2m | [22m[1mNames[22m                    [2m | [22m [1mRaw size[22m[2m | [22m[1mEstimated transfer size[22m
[32mchunk-WGOOUKW6.js[39m  [2m | [22m[2mproyectos-routes[22m         [2m | [22m[36m113.58 kB[39m[2m | [22m               [36m25.23 kB[39m
[32mchunk-IOUKAZ27.js[39m  [2m | [22m[2mbrowser[22m                  [2m | [22m [36m67.78 kB[39m[2m | [22m               [36m17.80 kB[39m
[32mchunk-BH2C472G.js[39m  [2m | [22m[2mcontratos-routes[22m         [2m | [22m [36m36.16 kB[39m[2m | [22m                [36m8.92 kB[39m
[32mchunk-JHENYYZB.js[39m  [2m | [22m[2mdashboard-routes[22m         [2m | [22m [36m30.45 kB[39m[2m | [22m                [36m8.15 kB[39m
[32mchunk-QF4B2TTW.js[39m  [2m | [22m[2mconfiguracion-routes[22m     [2m | [22m [36m27.97 kB[39m[2m | [22m                [36m6.26 kB[39m
[32mchunk-6V4EIKFJ.js[39m  [2m | [22m[2mcotizacion-form-component[22m[2m | [22m [36m19.94 kB[39m[2m | [22m                [36m5.47 kB[39m
[32mchunk-ZPDPF2GE.js[39m  [2m | [22m[2mfactura-form-component[22m   [2m | [22m [36m14.26 kB[39m[2m | [22m                [36m3.93 kB[39m
[32mchunk-E3CIG7M4.js[39m  [2m | [22m[2mcotizacion-view-component[22m[2m | [22m [36m14.18 kB[39m[2m | [22m                [36m3.90 kB[39m
[32mchunk-ME2XGZ2D.js[39m  [2m | [22m[2mtransaccion-form[22m         [2m | [22m [36m12.49 kB[39m[2m | [22m                [36m4.14 kB[39m
[32mchunk-LDNQXLUV.js[39m  [2m | [22m[2msuperadmin-routes[22m        [2m | [22m [36m11.85 kB[39m[2m | [22m                [36m3.77 kB[39m
[32mchunk-EOKSTWIQ.js[39m  [2m | [22m[2mfactura-view-component[22m   [2m | [22m [36m11.61 kB[39m[2m | [22m                [36m3.52 kB[39m
[32mchunk-E5AVLY3O.js[39m  [2m | [22m[2mportal-routes[22m            [2m | [22m [36m11.33 kB[39m[2m | [22m                [36m3.03 kB[39m
[32mchunk-YNWRJPSA.js[39m  [2m | [22m[2mpipeline-kanban-component[22m[2m | [22m [36m10.80 kB[39m[2m | [22m                [36m2.79 kB[39m
[32mchunk-WGOAY3J6.js[39m  [2m | [22m[2mcliente-form-component[22m   [2m | [22m [36m10.39 kB[39m[2m | [22m                [36m2.74 kB[39m
[32mchunk-SS2JKRTE.js[39m  [2m | [22m[2m-[22m                        [2m | [22m  [36m7.73 kB[39m[2m | [22m                [36m2.41 kB[39m
[2m...and 19 more lazy chunks files. Use "--verbose" to show all the files.[22m

Application bundle generation complete. [23.337 seconds] - 2026-02-23T08:50:26.245Z

node.exe : [1m[33m[33mÔû▓ 
[43;33m[[43;30mWARNING[43;33
m][0m [1mNG8107: The left 
side of this optional chain 
operation does not include 
'null' or 'undefined' in its 
type, therefore the '?.' 
operator can be replaced with 
the '.' operator.[0m 
[1m[35m[plugin 
angular-compiler][0m
En línea: 1 Carácter: 1
+ & "C:\Program 
Files\nodejs/node.exe" 
"C:\Program 
Files\nodejs/node_mo ...
+ ~~~~~~~~~~~~~~~~~~~~~~~~~~~~
~~~~~~~~~~~~~~~~~~~~~~~~~~~~~~
~~~~~~~~~~~
    + CategoryInfo            
  : NotSpecifi    ed: 
([1m[33m[33    
mÔ...r-compiler][    
0m:String) [], Rem    
oteException
    + FullyQualifiedEr    
rorId : NativeComm    andError
 

    src/app/features/proyectos
/proyecto-form/proyecto-form.c
omponent.html:47:58:
[37m      47 Ôöé ...         
         || cliente.contactoPr
incipal?.[32mnombre[37m 
}}</option>
         ÔòÁ                  
                              
    [32m~~~~~~[0m

  Warning occurs in the 
template of component 
ProyectoFormComponent.

    src/app/features/proyectos
/proyecto-form/proyecto-form.c
omponent.ts:15:17:
[37m      15 Ôöé     
templateUrl: [32m'./proyecto-
form.component.html'[37m
         ÔòÁ                  
[32m~~~~~~~~~~~~~~~~~~~~~~~~~
~~~~~~~[0m

[39m[22m
Output location: C:\AppsIA\repogit\Estratega-subeia\sube-gestion\dist\sube-gestion

