[33mÔØ»[39m Building...
[32mÔ£ö[39m Building...
[1mInitial chunk files[22m[2m | [22m[1mNames[22m                    [2m | [22m [1mRaw size[22m[2m | [22m[1mEstimated transfer size[22m
[32mchunk-MUDHRDUT.js[39m  [2m | [22m[2m-[22m                        [2m | [22m[36m459.96 kB[39m[2m | [22m               [36m83.30 kB[39m
[32mchunk-6OOVCRDQ.js[39m  [2m | [22m[2m-[22m                        [2m | [22m[36m326.01 kB[39m[2m | [22m               [36m72.80 kB[39m
[32mchunk-YEDRDBW4.js[39m  [2m | [22m[2m-[22m                        [2m | [22m[36m219.72 kB[39m[2m | [22m               [36m66.00 kB[39m
[32mchunk-FIOCVTLP.js[39m  [2m | [22m[2m-[22m                        [2m | [22m[36m164.05 kB[39m[2m | [22m               [36m48.42 kB[39m
[32mstyles-FGRLYFN3.css[39m[2m | [22m[2mstyles[22m                   [2m | [22m [36m99.94 kB[39m[2m | [22m               [36m12.18 kB[39m
[32mchunk-WSFW5BMS.js[39m  [2m | [22m[2m-[22m                        [2m | [22m [36m48.48 kB[39m[2m | [22m                [36m9.60 kB[39m
[32mmain-AMLMONPJ.js[39m   [2m | [22m[2mmain[22m                     [2m | [22m [36m33.81 kB[39m[2m | [22m                [36m9.52 kB[39m
[32mchunk-KTZSIHZI.js[39m  [2m | [22m[2m-[22m                        [2m | [22m [36m25.93 kB[39m[2m | [22m                [36m7.00 kB[39m
[32mchunk-PO3HBPYC.js[39m  [2m | [22m[2m-[22m                        [2m | [22m [36m23.17 kB[39m[2m | [22m                [36m7.57 kB[39m
[32mchunk-MARSRVAO.js[39m  [2m | [22m[2m-[22m                        [2m | [22m [36m17.14 kB[39m[2m | [22m                [36m4.18 kB[39m
[32mchunk-BCI2FD7Q.js[39m  [2m | [22m[2m-[22m                        [2m | [22m  [36m8.86 kB[39m[2m | [22m                [36m3.19 kB[39m
[32mchunk-X2S3TYC7.js[39m  [2m | [22m[2m-[22m                        [2m | [22m  [36m2.20 kB[39m[2m | [22m              [36m760 bytes[39m
[32mchunk-AX6KY4X3.js[39m  [2m | [22m[2m-[22m                        [2m | [22m  [36m1.90 kB[39m[2m | [22m              [36m786 bytes[39m
[32mchunk-M55LMLD4.js[39m  [2m | [22m[2m-[22m                        [2m | [22m  [36m1.76 kB[39m[2m | [22m              [36m732 bytes[39m
[32mchunk-EV5BGFES.js[39m  [2m | [22m[2m-[22m                        [2m | [22m  [36m1.30 kB[39m[2m | [22m              [36m547 bytes[39m
[32mchunk-7CGTOI24.js[39m  [2m | [22m[2m-[22m                        [2m | [22m[36m618 bytes[39m[2m | [22m              [36m618 bytes[39m
[32mchunk-XQQ2RZYV.js[39m  [2m | [22m[2m-[22m                        [2m | [22m[36m307 bytes[39m[2m | [22m              [36m307 bytes[39m

[1m [22m                  [2m | [22m[1mInitial total[22m            [2m | [22m  [1m1.44 MB[22m[2m | [22m              [1m327.51 kB[22m

[1mLazy chunk files[22m   [2m | [22m[1mNames[22m                    [2m | [22m [1mRaw size[22m[2m | [22m[1mEstimated transfer size[22m
[32mchunk-7FQ32XHH.js[39m  [2m | [22m[2mproyectos-routes[22m         [2m | [22m[36m113.58 kB[39m[2m | [22m               [36m25.23 kB[39m
[32mchunk-ZFWP25UC.js[39m  [2m | [22m[2mbrowser[22m                  [2m | [22m [36m67.78 kB[39m[2m | [22m               [36m17.79 kB[39m
[32mchunk-2JSD3XI2.js[39m  [2m | [22m[2mcontratos-routes[22m         [2m | [22m [36m36.16 kB[39m[2m | [22m                [36m8.92 kB[39m
[32mchunk-LTINVZI3.js[39m  [2m | [22m[2mdashboard-routes[22m         [2m | [22m [36m30.45 kB[39m[2m | [22m                [36m8.17 kB[39m
[32mchunk-NMFRO5MS.js[39m  [2m | [22m[2mconfiguracion-routes[22m     [2m | [22m [36m27.97 kB[39m[2m | [22m                [36m6.26 kB[39m
[32mchunk-DO3J4N6B.js[39m  [2m | [22m[2mcotizacion-form-component[22m[2m | [22m [36m19.93 kB[39m[2m | [22m                [36m5.48 kB[39m
[32mchunk-76ZYQ6UM.js[39m  [2m | [22m[2mfactura-form-component[22m   [2m | [22m [36m14.26 kB[39m[2m | [22m                [36m3.94 kB[39m
[32mchunk-KQDGRBAK.js[39m  [2m | [22m[2mcotizacion-view-component[22m[2m | [22m [36m14.18 kB[39m[2m | [22m                [36m3.88 kB[39m
[32mchunk-D3U3N57E.js[39m  [2m | [22m[2mtransaccion-form[22m         [2m | [22m [36m12.49 kB[39m[2m | [22m                [36m4.14 kB[39m
[32mchunk-QRMH6IGS.js[39m  [2m | [22m[2msuperadmin-routes[22m        [2m | [22m [36m11.85 kB[39m[2m | [22m                [36m3.78 kB[39m
[32mchunk-PRDKYLPZ.js[39m  [2m | [22m[2mfactura-view-component[22m   [2m | [22m [36m11.61 kB[39m[2m | [22m                [36m3.52 kB[39m
[32mchunk-JHWRVZ7S.js[39m  [2m | [22m[2mportal-routes[22m            [2m | [22m [36m11.33 kB[39m[2m | [22m                [36m3.04 kB[39m
[32mchunk-T7R7FWR2.js[39m  [2m | [22m[2mpipeline-kanban-component[22m[2m | [22m [36m10.80 kB[39m[2m | [22m                [36m2.80 kB[39m
[32mchunk-PG5UPWCF.js[39m  [2m | [22m[2mcliente-form-component[22m   [2m | [22m [36m10.39 kB[39m[2m | [22m                [36m2.75 kB[39m
[32mchunk-ROLGH3H3.js[39m  [2m | [22m[2m-[22m                        [2m | [22m  [36m7.73 kB[39m[2m | [22m                [36m2.41 kB[39m
[2m...and 19 more lazy chunks files. Use "--verbose" to show all the files.[22m

Application bundle generation complete. [17.936 seconds] - 2026-02-23T14:14:44.835Z

node.exe : 
[1m[33m[33mÔû▓ [43;
33m[[43;30mWARNING[43
;33m][0m [1mNG8107: 
The left side of this 
optional chain 
operation does not 
include 'null' or 
'undefined' in its 
type, therefore the 
'?.' operator can be 
replaced with the '.' 
operator.[0m 
[1m[35m[plugin 
angular-compiler][0m
En línea: 1 Carácter: 1
+ & "C:\Program 
Files\nodejs/node.exe" 
"C:\Program 
Files\nodejs/node_mo 
...
+ ~~~~~~~~~~~~~~~~~~~~~
~~~~~~~~~~~~~~~~~~~~~~~
~~~~~~~~~~~~~~~~~~~~~~~
~~
    + CategoryInfo     
         : NotSpecifi  
  ed: ([1m[33m[33   
 mÔ...r-compiler][    
0m:String) [], Rem    
oteException
    + FullyQualifiedEr 
   rorId : NativeComm  
  andError
 

    src/app/features/pr
oyectos/proyecto-form/p
royecto-form.component.
html:47:58:
[37m      47 Ôöé ...  
                || clie
nte.contactoPrincipal?.
[32mnombre[37m 
}}</option>
         ÔòÁ           
                       
                  
[32m~~~~~~[0m

  Warning occurs in 
the template of 
component 
ProyectoFormComponent.

    src/app/features/pr
oyectos/proyecto-form/p
royecto-form.component.
ts:15:17:
[37m      15 Ôöé     
templateUrl: [32m'./pr
oyecto-form.component.h
tml'[37m
         ÔòÁ           
       [32m~~~~~~~~~~~
~~~~~~~~~~~~~~~~~~~~~[
0m

[39m[22m
Output location: C:\AppsIA\repogit\Estratega-subeia\sube-gestion\dist\sube-gestion

