[33mÔØ»[39m Building...
[32mÔ£ö[39m Building...
[1mInitial chunk files[22m[2m | [22m[1mNames[22m                    [2m | [22m [1mRaw size[22m[2m | [22m[1mEstimated transfer size[22m
[32mchunk-LDFIYXWZ.js[39m  [2m | [22m[2m-[22m                        [2m | [22m[36m459.02 kB[39m[2m | [22m               [36m83.21 kB[39m
[32mchunk-6OOVCRDQ.js[39m  [2m | [22m[2m-[22m                        [2m | [22m[36m326.01 kB[39m[2m | [22m               [36m72.80 kB[39m
[32mchunk-YEDRDBW4.js[39m  [2m | [22m[2m-[22m                        [2m | [22m[36m219.72 kB[39m[2m | [22m               [36m66.00 kB[39m
[32mchunk-FIOCVTLP.js[39m  [2m | [22m[2m-[22m                        [2m | [22m[36m164.05 kB[39m[2m | [22m               [36m48.42 kB[39m
[32mstyles-FGRLYFN3.css[39m[2m | [22m[2mstyles[22m                   [2m | [22m [36m99.94 kB[39m[2m | [22m               [36m12.18 kB[39m
[32mchunk-WSFW5BMS.js[39m  [2m | [22m[2m-[22m                        [2m | [22m [36m48.48 kB[39m[2m | [22m                [36m9.60 kB[39m
[32mmain-BE4PRUTK.js[39m   [2m | [22m[2mmain[22m                     [2m | [22m [36m33.81 kB[39m[2m | [22m                [36m9.50 kB[39m
[32mchunk-KTZSIHZI.js[39m  [2m | [22m[2m-[22m                        [2m | [22m [36m25.93 kB[39m[2m | [22m                [36m7.00 kB[39m
[32mchunk-PO3HBPYC.js[39m  [2m | [22m[2m-[22m                        [2m | [22m [36m23.17 kB[39m[2m | [22m                [36m7.57 kB[39m
[32mchunk-MARSRVAO.js[39m  [2m | [22m[2m-[22m                        [2m | [22m [36m17.14 kB[39m[2m | [22m                [36m4.18 kB[39m
[32mchunk-BCI2FD7Q.js[39m  [2m | [22m[2m-[22m                        [2m | [22m  [36m8.86 kB[39m[2m | [22m                [36m3.19 kB[39m
[32mchunk-BUO7CJOV.js[39m  [2m | [22m[2m-[22m                        [2m | [22m  [36m2.20 kB[39m[2m | [22m              [36m764 bytes[39m
[32mchunk-APSP4RST.js[39m  [2m | [22m[2m-[22m                        [2m | [22m  [36m1.76 kB[39m[2m | [22m              [36m723 bytes[39m
[32mchunk-XQT7RS6R.js[39m  [2m | [22m[2m-[22m                        [2m | [22m  [36m1.74 kB[39m[2m | [22m              [36m748 bytes[39m
[32mchunk-J3PJ2OI7.js[39m  [2m | [22m[2m-[22m                        [2m | [22m  [36m1.30 kB[39m[2m | [22m              [36m574 bytes[39m
[32mchunk-7CGTOI24.js[39m  [2m | [22m[2m-[22m                        [2m | [22m[36m618 bytes[39m[2m | [22m              [36m618 bytes[39m
[32mchunk-XQQ2RZYV.js[39m  [2m | [22m[2m-[22m                        [2m | [22m[36m307 bytes[39m[2m | [22m              [36m307 bytes[39m

[1m [22m                  [2m | [22m[1mInitial total[22m            [2m | [22m  [1m1.43 MB[22m[2m | [22m              [1m327.38 kB[22m

[1mLazy chunk files[22m   [2m | [22m[1mNames[22m                    [2m | [22m [1mRaw size[22m[2m | [22m[1mEstimated transfer size[22m
[32mchunk-S5V2WHOQ.js[39m  [2m | [22m[2mproyectos-routes[22m         [2m | [22m[36m113.58 kB[39m[2m | [22m               [36m25.23 kB[39m
[32mchunk-ZFWP25UC.js[39m  [2m | [22m[2mbrowser[22m                  [2m | [22m [36m67.78 kB[39m[2m | [22m               [36m17.79 kB[39m
[32mchunk-N6AWD4U2.js[39m  [2m | [22m[2mcontratos-routes[22m         [2m | [22m [36m36.16 kB[39m[2m | [22m                [36m8.91 kB[39m
[32mchunk-TDHROVLI.js[39m  [2m | [22m[2mdashboard-routes[22m         [2m | [22m [36m30.45 kB[39m[2m | [22m                [36m8.16 kB[39m
[32mchunk-QPLU66JC.js[39m  [2m | [22m[2mconfiguracion-routes[22m     [2m | [22m [36m27.97 kB[39m[2m | [22m                [36m6.29 kB[39m
[32mchunk-ULMCUVOI.js[39m  [2m | [22m[2mcotizacion-form-component[22m[2m | [22m [36m19.93 kB[39m[2m | [22m                [36m5.49 kB[39m
[32mchunk-PJTO7IE3.js[39m  [2m | [22m[2mfactura-form-component[22m   [2m | [22m [36m14.26 kB[39m[2m | [22m                [36m3.95 kB[39m
[32mchunk-VE63QJCB.js[39m  [2m | [22m[2mcotizacion-view-component[22m[2m | [22m [36m14.18 kB[39m[2m | [22m                [36m3.87 kB[39m
[32mchunk-GHAB6OJD.js[39m  [2m | [22m[2mtransaccion-form[22m         [2m | [22m [36m12.49 kB[39m[2m | [22m                [36m4.13 kB[39m
[32mchunk-33NG66B7.js[39m  [2m | [22m[2msuperadmin-routes[22m        [2m | [22m [36m11.85 kB[39m[2m | [22m                [36m3.79 kB[39m
[32mchunk-WHCKI3U2.js[39m  [2m | [22m[2mfactura-view-component[22m   [2m | [22m [36m11.61 kB[39m[2m | [22m                [36m3.52 kB[39m
[32mchunk-NM7YFYCI.js[39m  [2m | [22m[2mportal-routes[22m            [2m | [22m [36m11.33 kB[39m[2m | [22m                [36m3.02 kB[39m
[32mchunk-7BFJBMMQ.js[39m  [2m | [22m[2mpipeline-kanban-component[22m[2m | [22m [36m10.80 kB[39m[2m | [22m                [36m2.80 kB[39m
[32mchunk-C5SUMESX.js[39m  [2m | [22m[2mcliente-form-component[22m   [2m | [22m [36m10.39 kB[39m[2m | [22m                [36m2.75 kB[39m
[32mchunk-ROLGH3H3.js[39m  [2m | [22m[2m-[22m                        [2m | [22m  [36m7.73 kB[39m[2m | [22m                [36m2.41 kB[39m
[2m...and 19 more lazy chunks files. Use "--verbose" to show all the files.[22m

Application bundle generation complete. [19.917 seconds] - 2026-02-23T15:09:30.059Z

node.exe : 
[1m[33m[33mÔû▓ [43;
33m[[43;30mWARNING[43
;33m][0m [1mNG8107: 
The left side of this 
optional chain 
operation does not 
include 'null' or 
'undefined' in its 
type, therefore the 
'?.' operator can be 
replaced with the '.' 
operator.[0m 
[1m[35m[plugin 
angular-compiler][0m
En línea: 1 Carácter: 1
+ & "C:\Program 
Files\nodejs/node.exe" 
"C:\Program 
Files\nodejs/node_mo 
...
+ ~~~~~~~~~~~~~~~~~~~~~
~~~~~~~~~~~~~~~~~~~~~~~
~~~~~~~~~~~~~~~~~~~~~~~
~~
    + CategoryInfo     
         : NotSpecifi  
  ed: ([1m[33m[33   
 mÔ...r-compiler][    
0m:String) [], Rem    
oteException
    + FullyQualifiedEr 
   rorId : NativeComm  
  andError
 

    src/app/features/pr
oyectos/proyecto-form/p
royecto-form.component.
html:47:58:
[37m      47 Ôöé ...  
                || clie
nte.contactoPrincipal?.
[32mnombre[37m 
}}</option>
         ÔòÁ           
                       
                  
[32m~~~~~~[0m

  Warning occurs in 
the template of 
component 
ProyectoFormComponent.

    src/app/features/pr
oyectos/proyecto-form/p
royecto-form.component.
ts:15:17:
[37m      15 Ôöé     
templateUrl: [32m'./pr
oyecto-form.component.h
tml'[37m
         ÔòÁ           
       [32m~~~~~~~~~~~
~~~~~~~~~~~~~~~~~~~~~[
0m

[39m[22m
Output location: C:\AppsIA\repogit\Estratega-subeia\sube-gestion\dist\sube-gestion

