[33mÔØ»[39m Building...
[32mÔ£ö[39m Building...
[1mInitial chunk files[22m[2m | [22m[1mNames[22m                    [2m | [22m [1mRaw size[22m[2m | [22m[1mEstimated transfer size[22m
[32mchunk-J35WVL5S.js[39m  [2m | [22m[2m-[22m                        [2m | [22m[36m271.17 kB[39m[2m | [22m               [36m70.24 kB[39m
[32mchunk-VS23QDWQ.js[39m  [2m | [22m[2m-[22m                        [2m | [22m[36m247.49 kB[39m[2m | [22m               [36m67.15 kB[39m
[32mchunk-YEDRDBW4.js[39m  [2m | [22m[2m-[22m                        [2m | [22m[36m219.72 kB[39m[2m | [22m               [36m66.00 kB[39m
[32mchunk-FIOCVTLP.js[39m  [2m | [22m[2m-[22m                        [2m | [22m[36m164.05 kB[39m[2m | [22m               [36m48.42 kB[39m
[32mstyles-FGRLYFN3.css[39m[2m | [22m[2mstyles[22m                   [2m | [22m [36m99.94 kB[39m[2m | [22m               [36m12.18 kB[39m
[32mchunk-OSIXGJDV.js[39m  [2m | [22m[2m-[22m                        [2m | [22m [36m48.48 kB[39m[2m | [22m                [36m9.58 kB[39m
[32mmain-GXNYGUL6.js[39m   [2m | [22m[2mmain[22m                     [2m | [22m [36m33.81 kB[39m[2m | [22m                [36m9.51 kB[39m
[32mchunk-KTZSIHZI.js[39m  [2m | [22m[2m-[22m                        [2m | [22m [36m25.93 kB[39m[2m | [22m                [36m7.00 kB[39m
[32mchunk-I42VB5TJ.js[39m  [2m | [22m[2m-[22m                        [2m | [22m [36m23.17 kB[39m[2m | [22m                [36m7.57 kB[39m
[32mchunk-MT6FTHHX.js[39m  [2m | [22m[2m-[22m                        [2m | [22m [36m17.14 kB[39m[2m | [22m                [36m4.19 kB[39m
[32mchunk-PS76ABAI.js[39m  [2m | [22m[2m-[22m                        [2m | [22m  [36m8.86 kB[39m[2m | [22m                [36m3.19 kB[39m
[32mchunk-TXPQHSSJ.js[39m  [2m | [22m[2m-[22m                        [2m | [22m  [36m2.20 kB[39m[2m | [22m              [36m763 bytes[39m
[32mchunk-HZBR6DQD.js[39m  [2m | [22m[2m-[22m                        [2m | [22m  [36m1.95 kB[39m[2m | [22m              [36m807 bytes[39m
[32mchunk-3UXJHOB2.js[39m  [2m | [22m[2m-[22m                        [2m | [22m  [36m1.76 kB[39m[2m | [22m              [36m724 bytes[39m
[32mchunk-ATWFP2K7.js[39m  [2m | [22m[2m-[22m                        [2m | [22m  [36m1.30 kB[39m[2m | [22m              [36m572 bytes[39m
[32mchunk-7CGTOI24.js[39m  [2m | [22m[2m-[22m                        [2m | [22m[36m618 bytes[39m[2m | [22m              [36m618 bytes[39m
[32mchunk-XQQ2RZYV.js[39m  [2m | [22m[2m-[22m                        [2m | [22m[36m307 bytes[39m[2m | [22m              [36m307 bytes[39m

[1m [22m                  [2m | [22m[1mInitial total[22m            [2m | [22m  [1m1.17 MB[22m[2m | [22m              [1m308.82 kB[22m

[1mLazy chunk files[22m   [2m | [22m[1mNames[22m                    [2m | [22m [1mRaw size[22m[2m | [22m[1mEstimated transfer size[22m
[32mchunk-P6FEUBOO.js[39m  [2m | [22m[2mproyectos-routes[22m         [2m | [22m[36m113.58 kB[39m[2m | [22m               [36m25.22 kB[39m
[32mchunk-ZFWP25UC.js[39m  [2m | [22m[2mbrowser[22m                  [2m | [22m [36m67.78 kB[39m[2m | [22m               [36m17.79 kB[39m
[32mchunk-62CQQA5O.js[39m  [2m | [22m[2mcontratos-routes[22m         [2m | [22m [36m36.16 kB[39m[2m | [22m                [36m8.89 kB[39m
[32mchunk-IF662CBU.js[39m  [2m | [22m[2mdashboard-routes[22m         [2m | [22m [36m30.45 kB[39m[2m | [22m                [36m8.16 kB[39m
[32mchunk-N6FTE6Q6.js[39m  [2m | [22m[2mconfiguracion-routes[22m     [2m | [22m [36m27.97 kB[39m[2m | [22m                [36m6.25 kB[39m
[32mchunk-FGU7YAQ4.js[39m  [2m | [22m[2mcotizacion-form-component[22m[2m | [22m [36m19.93 kB[39m[2m | [22m                [36m5.46 kB[39m
[32mchunk-Q5FCI3EN.js[39m  [2m | [22m[2mfactura-form-component[22m   [2m | [22m [36m14.26 kB[39m[2m | [22m                [36m3.97 kB[39m
[32mchunk-2PKKJAOQ.js[39m  [2m | [22m[2mcotizacion-view-component[22m[2m | [22m [36m14.18 kB[39m[2m | [22m                [36m3.87 kB[39m
[32mchunk-I4H3UJ2D.js[39m  [2m | [22m[2mtransaccion-form[22m         [2m | [22m [36m12.49 kB[39m[2m | [22m                [36m4.13 kB[39m
[32mchunk-MDHPMVC2.js[39m  [2m | [22m[2msuperadmin-routes[22m        [2m | [22m [36m11.85 kB[39m[2m | [22m                [36m3.78 kB[39m
[32mchunk-GM3LT7XP.js[39m  [2m | [22m[2mfactura-view-component[22m   [2m | [22m [36m11.61 kB[39m[2m | [22m                [36m3.52 kB[39m
[32mchunk-YEDAPMDU.js[39m  [2m | [22m[2mportal-routes[22m            [2m | [22m [36m11.33 kB[39m[2m | [22m                [36m3.02 kB[39m
[32mchunk-YG7OVO47.js[39m  [2m | [22m[2mpipeline-kanban-component[22m[2m | [22m [36m10.80 kB[39m[2m | [22m                [36m2.79 kB[39m
[32mchunk-ER4T3HMN.js[39m  [2m | [22m[2mcliente-form-component[22m   [2m | [22m [36m10.10 kB[39m[2m | [22m                [36m2.69 kB[39m
[32mchunk-HOPM5Q7W.js[39m  [2m | [22m[2m-[22m                        [2m | [22m  [36m7.73 kB[39m[2m | [22m                [36m2.41 kB[39m
[2m...and 19 more lazy chunks files. Use "--verbose" to show all the files.[22m

Application bundle generation complete. [17.201 seconds] - 2026-02-23T15:50:09.410Z

node.exe : [1m[33m[33mÔû▓ 
[43;33m[[43;30mWARNING[43;33
m][0m [1mNG8107: The left 
side of this optional chain 
operation does not include 
'null' or 'undefined' in its 
type, therefore the '?.' 
operator can be replaced with 
the '.' operator.[0m 
[1m[35m[plugin 
angular-compiler][0m
En línea: 1 Carácter: 1
+ & "C:\Program 
Files\nodejs/node.exe" 
"C:\Program 
Files\nodejs/node_mo ...
+ ~~~~~~~~~~~~~~~~~~~~~~~~~~~~
~~~~~~~~~~~~~~~~~~~~~~~~~~~~~~
~~~~~~~~~~~
    + CategoryInfo            
  : NotSpecifi    ed: 
([1m[33m[33    
mÔ...r-compiler][    
0m:String) [], Rem    
oteException
    + FullyQualifiedEr    
rorId : NativeComm    andError
 

    src/app/features/proyectos
/proyecto-form/proyecto-form.c
omponent.html:47:58:
[37m      47 Ôöé ...         
         || cliente.contactoPr
incipal?.[32mnombre[37m 
}}</option>
         ÔòÁ                  
                              
    [32m~~~~~~[0m

  Warning occurs in the 
template of component 
ProyectoFormComponent.

    src/app/features/proyectos
/proyecto-form/proyecto-form.c
omponent.ts:15:17:
[37m      15 Ôöé     
templateUrl: [32m'./proyecto-
form.component.html'[37m
         ÔòÁ                  
[32m~~~~~~~~~~~~~~~~~~~~~~~~~
~~~~~~~[0m

[39m[22m
Output location: C:\AppsIA\repogit\Estratega-subeia\sube-gestion\dist\sube-gestion

