[2026-02-23T02:03:31.546Z] > command requires scopes: ["email","openid","https://www.googleapis.com/auth/cloudplatformprojects.readonly","https://www.googleapis.com/auth/firebase","https://www.googleapis.com/auth/cloud-platform"]
[2026-02-23T02:03:31.547Z] > authorizing via signed-in user (subeconsultores@gmail.com)
[2026-02-23T02:03:31.547Z] [iam] checking project aulavirtual-dfb37 for permissions ["cloudfunctions.functions.create","cloudfunctions.functions.delete","cloudfunctions.functions.get","cloudfunctions.functions.list","cloudfunctions.functions.update","cloudfunctions.operations.get","firebase.projects.get"]
[2026-02-23T02:03:31.548Z] Checked if tokens are valid: true, expires at: 1771814576619
[2026-02-23T02:03:31.549Z] Checked if tokens are valid: true, expires at: 1771814576619
[2026-02-23T02:03:31.550Z] >>> [apiv2][query] POST https://cloudresourcemanager.googleapis.com/v1/projects/aulavirtual-dfb37:testIamPermissions [none]
[2026-02-23T02:03:31.550Z] >>> [apiv2][(partial)header] POST https://cloudresourcemanager.googleapis.com/v1/projects/aulavirtual-dfb37:testIamPermissions  x-goog-user-project=aulavirtual-dfb37
[2026-02-23T02:03:31.550Z] >>> [apiv2][body] POST https://cloudresourcemanager.googleapis.com/v1/projects/aulavirtual-dfb37:testIamPermissions {"permissions":["cloudfunctions.functions.create","cloudfunctions.functions.delete","cloudfunctions.functions.get","cloudfunctions.functions.list","cloudfunctions.functions.update","cloudfunctions.operations.get","firebase.projects.get"]}
[2026-02-23T02:03:32.746Z] <<< [apiv2][status] POST https://cloudresourcemanager.googleapis.com/v1/projects/aulavirtual-dfb37:testIamPermissions 200
[2026-02-23T02:03:32.746Z] <<< [apiv2][body] POST https://cloudresourcemanager.googleapis.com/v1/projects/aulavirtual-dfb37:testIamPermissions {"permissions":["cloudfunctions.functions.create","cloudfunctions.functions.delete","cloudfunctions.functions.get","cloudfunctions.functions.list","cloudfunctions.functions.update","cloudfunctions.operations.get","firebase.projects.get"]}
[2026-02-23T02:03:32.747Z] Checked if tokens are valid: true, expires at: 1771814576619
[2026-02-23T02:03:32.747Z] Checked if tokens are valid: true, expires at: 1771814576619
[2026-02-23T02:03:32.747Z] >>> [apiv2][query] POST https://iam.googleapis.com/v1/projects/aulavirtual-dfb37/serviceAccounts/aulavirtual-dfb37@appspot.gserviceaccount.com:testIamPermissions [none]
[2026-02-23T02:03:32.747Z] >>> [apiv2][body] POST https://iam.googleapis.com/v1/projects/aulavirtual-dfb37/serviceAccounts/aulavirtual-dfb37@appspot.gserviceaccount.com:testIamPermissions {"permissions":["iam.serviceAccounts.actAs"]}
[2026-02-23T02:03:33.907Z] <<< [apiv2][status] POST https://iam.googleapis.com/v1/projects/aulavirtual-dfb37/serviceAccounts/aulavirtual-dfb37@appspot.gserviceaccount.com:testIamPermissions 200
[2026-02-23T02:03:33.907Z] <<< [apiv2][body] POST https://iam.googleapis.com/v1/projects/aulavirtual-dfb37/serviceAccounts/aulavirtual-dfb37@appspot.gserviceaccount.com:testIamPermissions {"permissions":["iam.serviceAccounts.actAs"]}

=== Deploying to 'aulavirtual-dfb37'...

i  deploying functions 
[2026-02-23T02:03:33.911Z] Checked if tokens are valid: true, expires at: 1771814576619
[2026-02-23T02:03:33.911Z] Checked if tokens are valid: true, expires at: 1771814576619
[2026-02-23T02:03:33.911Z] >>> [apiv2][query] GET https://cloudresourcemanager.googleapis.com/v1/projects/aulavirtual-dfb37 [none]
[2026-02-23T02:03:34.168Z] <<< [apiv2][status] GET https://cloudresourcemanager.googleapis.com/v1/projects/aulavirtual-dfb37 200
[2026-02-23T02:03:34.168Z] <<< [apiv2][body] GET https://cloudresourcemanager.googleapis.com/v1/projects/aulavirtual-dfb37 {"projectNumber":"593010355388","projectId":"aulavirtual-dfb37","lifecycleState":"ACTIVE","name":"estratega-subeia","labels":{"firebase":"enabled","firebase-core":"disabled"},"createTime":"2025-04-28T03:19:36.747015Z"}
i  functions: preparing codebase default for deployment 
i  functions: ensuring required API cloudfunctions.googleapis.com is enabled... 
i  functions: ensuring required API cloudbuild.googleapis.com is enabled... 
i  artifactregistry: ensuring required API artifactregistry.googleapis.com is enabled... 
[2026-02-23T02:03:34.171Z] Checked if tokens are valid: true, expires at: 1771814576619
[2026-02-23T02:03:34.171Z] Checked if tokens are valid: true, expires at: 1771814576619
[2026-02-23T02:03:34.171Z] >>> [apiv2][query] GET https://firebase.googleapis.com/v1beta1/projects/aulavirtual-dfb37/adminSdkConfig [none]
[2026-02-23T02:03:34.710Z] <<< [apiv2][status] GET https://firebase.googleapis.com/v1beta1/projects/aulavirtual-dfb37/adminSdkConfig 200
[2026-02-23T02:03:34.711Z] <<< [apiv2][body] GET https://firebase.googleapis.com/v1beta1/projects/aulavirtual-dfb37/adminSdkConfig {"projectId":"aulavirtual-dfb37","storageBucket":"aulavirtual-dfb37.firebasestorage.app"}
[2026-02-23T02:03:34.711Z] Checked if tokens are valid: true, expires at: 1771814576619
[2026-02-23T02:03:34.712Z] Checked if tokens are valid: true, expires at: 1771814576619
[2026-02-23T02:03:34.712Z] >>> [apiv2][query] GET https://runtimeconfig.googleapis.com/v1beta1/projects/aulavirtual-dfb37/configs [none]
[2026-02-23T02:03:35.274Z] <<< [apiv2][status] GET https://runtimeconfig.googleapis.com/v1beta1/projects/aulavirtual-dfb37/configs 200
[2026-02-23T02:03:35.274Z] <<< [apiv2][body] GET https://runtimeconfig.googleapis.com/v1beta1/projects/aulavirtual-dfb37/configs {}
[2026-02-23T02:03:35.276Z] Validating nodejs source
!  functions: Runtime Node.js 20 will be deprecated on 2026-04-30 and will be decommissioned on 2026-10-30, after which you will not be able to deploy without upgrading. Consider upgrading now to avoid disruption. See https://cloud.google.com/functions/docs/runtime-support for full details on the lifecycle policy 
!  functions: package.json indicates an outdated version of firebase-functions. Please upgrade using npm install --save firebase-functions@latest in your functions directory. 
!  functions: Please note that there will be breaking changes when you upgrade. 
[2026-02-23T02:03:36.309Z] > [functions] package.json contents: {
  "name": "functions",
  "scripts": {
    "lint": "eslint --ext .js,.ts .",
    "build": "tsc",
    "build:watch": "tsc --watch",
    "serve": "npm run build && firebase emulators:start --only functions",
    "shell": "npm run build && firebase functions:shell",
    "start": "npm run shell",
    "deploy": "firebase deploy --only functions",
    "logs": "firebase functions:log"
  },
  "engines": {
    "node": "20"
  },
  "main": "lib/index.js",
  "dependencies": {
    "@google/genai": "^1.42.0",
    "firebase-admin": "^12.0.0",
    "firebase-functions": "^5.0.0",
    "puppeteer": "^21.0.0",
    "stripe": "^20.3.1"
  },
  "devDependencies": {
    "@typescript-eslint/eslint-plugin": "^5.12.0",
    "@typescript-eslint/parser": "^5.12.0",
    "eslint": "^8.9.0",
    "eslint-config-google": "^0.14.0",
    "eslint-plugin-import": "^2.25.4",
    "firebase-functions-test": "^3.1.0",
    "typescript": "^5.9.3"
  },
  "private": true
}
[2026-02-23T02:03:36.310Z] Building nodejs source
i  functions: Loading and analyzing source code for codebase default to determine what to deploy 
[2026-02-23T02:03:36.311Z] Could not find functions.yaml. Must use http discovery
[2026-02-23T02:03:36.322Z] Found firebase-functions binary at 'C:\AppsIA\repogit\Estratega-subeia\sube-gestion\functions\node_modules\.bin\firebase-functions'
Serving at port 8772

[2026-02-23T02:03:37.341Z] Got response from /__/functions.yaml {"endpoints":{"onUserCreated":{"platform":"gcfv1","availableMemoryMb":null,"timeoutSeconds":null,"minInstances":null,"maxInstances":null,"ingressSettings":null,"serviceAccountEmail":null,"vpc":null,"eventTrigger":{"eventType":"providers/firebase.auth/eventTypes/user.create","eventFilters":{"resource":"projects/aulavirtual-dfb37"},"retry":false},"labels":{},"entryPoint":"onUserCreated"},"onActividadCreated":{"availableMemoryMb":null,"timeoutSeconds":null,"minInstances":null,"maxInstances":null,"ingressSettings":null,"concurrency":null,"serviceAccountEmail":null,"vpc":null,"platform":"gcfv2","labels":{},"eventTrigger":{"eventType":"google.cloud.firestore.document.v1.created","eventFilters":{"database":"(default)","namespace":"(default)"},"eventFilterPathPatterns":{"document":"actividades/{actividadId}"},"retry":false},"entryPoint":"onActividadCreated"},"leadScoringIA":{"availableMemoryMb":null,"timeoutSeconds":null,"minInstances":null,"maxInstances":null,"ingressSettings":null,"concurrency":null,"serviceAccountEmail":null,"vpc":null,"platform":"gcfv2","secretEnvironmentVariables":[{"key":"GEMINI_API_KEY"}],"labels":{},"eventTrigger":{"eventType":"google.cloud.firestore.document.v1.created","eventFilters":{"database":"(default)","namespace":"(default)"},"eventFilterPathPatterns":{"document":"clientes/{clienteId}"},"retry":false},"entryPoint":"leadScoringIA"},"onCotizacionCreated":{"availableMemoryMb":null,"timeoutSeconds":null,"minInstances":null,"maxInstances":null,"ingressSettings":null,"concurrency":null,"serviceAccountEmail":null,"vpc":null,"platform":"gcfv2","labels":{},"eventTrigger":{"eventType":"google.cloud.firestore.document.v1.created","eventFilters":{"database":"(default)","namespace":"(default)"},"eventFilterPathPatterns":{"document":"cotizaciones/{docId}"},"retry":false},"entryPoint":"onCotizacionCreated"},"generarPdf":{"availableMemoryMb":null,"timeoutSeconds":null,"minInstances":null,"maxInstances":null,"ingressSettings":null,"concurrency":null,"serviceAccountEmail":null,"vpc":null,"platform":"gcfv2","labels":{},"callableTrigger":{},"entryPoint":"generarPdf"},"createCheckoutSession":{"availableMemoryMb":null,"timeoutSeconds":null,"minInstances":null,"maxInstances":null,"ingressSettings":null,"concurrency":null,"serviceAccountEmail":null,"vpc":null,"platform":"gcfv2","labels":{},"callableTrigger":{},"entryPoint":"createCheckoutSession"},"stripeWebhook":{"availableMemoryMb":null,"timeoutSeconds":null,"minInstances":null,"maxInstances":null,"ingressSettings":null,"concurrency":null,"serviceAccountEmail":null,"vpc":null,"platform":"gcfv2","labels":{},"httpsTrigger":{},"entryPoint":"stripeWebhook"},"analyzeDocument":{"availableMemoryMb":1024,"timeoutSeconds":300,"minInstances":null,"maxInstances":null,"ingressSettings":null,"concurrency":null,"serviceAccountEmail":null,"vpc":null,"platform":"gcfv2","secretEnvironmentVariables":[{"key":"GEMINI_API_KEY"}],"labels":{},"callableTrigger":{},"entryPoint":"analyzeDocument"},"askSubeIA":{"availableMemoryMb":null,"timeoutSeconds":null,"minInstances":null,"maxInstances":null,"ingressSettings":null,"concurrency":null,"serviceAccountEmail":null,"vpc":null,"platform":"gcfv2","secretEnvironmentVariables":[{"key":"GEMINI_API_KEY"}],"labels":{},"callableTrigger":{},"entryPoint":"askSubeIA"},"registerAgency":{"availableMemoryMb":null,"timeoutSeconds":null,"minInstances":null,"maxInstances":null,"ingressSettings":null,"concurrency":null,"serviceAccountEmail":null,"vpc":null,"platform":"gcfv2","labels":{},"callableTrigger":{},"entryPoint":"registerAgency"},"forecastPredictivo":{"availableMemoryMb":null,"timeoutSeconds":null,"minInstances":null,"maxInstances":null,"ingressSettings":null,"concurrency":null,"serviceAccountEmail":null,"vpc":null,"platform":"gcfv2","secretEnvironmentVariables":[{"key":"GEMINI_API_KEY"}],"labels":{},"callableTrigger":{},"entryPoint":"forecastPredictivo"},"generarPropuestaIA":{"availableMemoryMb":null,"timeoutSeconds":null,"minInstances":null,"maxInstances":null,"ingressSettings":null,"concurrency":null,"serviceAccountEmail":null,"vpc":null,"platform":"gcfv2","secretEnvironmentVariables":[{"key":"GEMINI_API_KEY"}],"labels":{},"callableTrigger":{},"entryPoint":"generarPropuestaIA"},"generarSugerenciasUpselling":{"availableMemoryMb":null,"timeoutSeconds":null,"minInstances":null,"maxInstances":null,"ingressSettings":null,"concurrency":null,"serviceAccountEmail":null,"vpc":null,"platform":"gcfv2","secretEnvironmentVariables":[{"key":"GEMINI_API_KEY"}],"labels":{},"callableTrigger":{},"entryPoint":"generarSugerenciasUpselling"},"briefingSemanal":{"availableMemoryMb":null,"timeoutSeconds":null,"minInstances":null,"maxInstances":null,"ingressSettings":null,"concurrency":null,"serviceAccountEmail":null,"vpc":null,"platform":"gcfv2","secretEnvironmentVariables":[{"key":"GEMINI_API_KEY"}],"labels":{},"scheduleTrigger":{"schedule":"0 8 * * 1","retryConfig":{},"timeZone":"America/Santiago"},"entryPoint":"briefingSemanal"},"analizarDocumentoIA":{"platform":"gcfv2","availableMemoryMb":null,"timeoutSeconds":null,"minInstances":null,"maxInstances":null,"ingressSettings":null,"concurrency":null,"serviceAccountEmail":null,"vpc":null,"secretEnvironmentVariables":[{"key":"GEMINI_API_KEY"}],"labels":{},"eventTrigger":{"eventType":"google.cloud.storage.object.v1.finalized","eventFilters":{"bucket":"aulavirtual-dfb37.firebasestorage.app"},"retry":false},"entryPoint":"analizarDocumentoIA"},"api":{"availableMemoryMb":null,"timeoutSeconds":null,"minInstances":null,"maxInstances":null,"ingressSettings":null,"concurrency":null,"serviceAccountEmail":null,"vpc":null,"platform":"gcfv2","region":["us-central1"],"labels":{},"httpsTrigger":{},"entryPoint":"api"},"webhookDispatcherClientes":{"availableMemoryMb":null,"timeoutSeconds":null,"minInstances":null,"maxInstances":null,"ingressSettings":null,"concurrency":null,"serviceAccountEmail":null,"vpc":null,"platform":"gcfv2","labels":{},"eventTrigger":{"eventType":"google.cloud.firestore.document.v1.created","eventFilters":{"database":"(default)","namespace":"(default)"},"eventFilterPathPatterns":{"document":"clientes/{clienteId}"},"retry":false},"entryPoint":"webhookDispatcherClientes"}},"specVersion":"v1alpha1","requiredAPIs":[{"api":"cloudscheduler.googleapis.com","reason":"Needed for scheduled functions."}],"extensions":{},"params":[{"type":"secret","name":"GEMINI_API_KEY"}]}
i  extensions: ensuring required API firebaseextensions.googleapis.com is enabled... 
[2026-02-23T02:03:41.411Z] > command requires scopes: ["email","openid","https://www.googleapis.com/auth/cloudplatformprojects.readonly","https://www.googleapis.com/auth/firebase","https://www.googleapis.com/auth/cloud-platform"]
[2026-02-23T02:03:41.412Z] > authorizing via signed-in user (subeconsultores@gmail.com)
[2026-02-23T02:03:41.412Z] [iam] checking project aulavirtual-dfb37 for permissions ["firebase.projects.get","firebaseextensions.instances.list"]
[2026-02-23T02:03:41.413Z] Checked if tokens are valid: true, expires at: 1771814576619
[2026-02-23T02:03:41.413Z] Checked if tokens are valid: true, expires at: 1771814576619
[2026-02-23T02:03:41.414Z] >>> [apiv2][query] POST https://cloudresourcemanager.googleapis.com/v1/projects/aulavirtual-dfb37:testIamPermissions [none]
[2026-02-23T02:03:41.414Z] >>> [apiv2][(partial)header] POST https://cloudresourcemanager.googleapis.com/v1/projects/aulavirtual-dfb37:testIamPermissions  x-goog-user-project=aulavirtual-dfb37
[2026-02-23T02:03:41.414Z] >>> [apiv2][body] POST https://cloudresourcemanager.googleapis.com/v1/projects/aulavirtual-dfb37:testIamPermissions {"permissions":["firebase.projects.get","firebaseextensions.instances.list"]}
[2026-02-23T02:03:42.515Z] <<< [apiv2][status] POST https://cloudresourcemanager.googleapis.com/v1/projects/aulavirtual-dfb37:testIamPermissions 200
[2026-02-23T02:03:42.516Z] <<< [apiv2][body] POST https://cloudresourcemanager.googleapis.com/v1/projects/aulavirtual-dfb37:testIamPermissions {"permissions":["firebase.projects.get","firebaseextensions.instances.list"]}
[2026-02-23T02:03:42.516Z] Checked if tokens are valid: true, expires at: 1771814576619
[2026-02-23T02:03:42.516Z] Checked if tokens are valid: true, expires at: 1771814576619
[2026-02-23T02:03:42.516Z] >>> [apiv2][query] GET https://firebaseextensions.googleapis.com/v1beta/projects/aulavirtual-dfb37/instances pageSize=100&pageToken=
[2026-02-23T02:03:43.702Z] <<< [apiv2][status] GET https://firebaseextensions.googleapis.com/v1beta/projects/aulavirtual-dfb37/instances 200
[2026-02-23T02:03:43.703Z] <<< [apiv2][body] GET https://firebaseextensions.googleapis.com/v1beta/projects/aulavirtual-dfb37/instances {}
[2026-02-23T02:03:43.705Z] Checked if tokens are valid: true, expires at: 1771814576619
[2026-02-23T02:03:43.706Z] Checked if tokens are valid: true, expires at: 1771814576619
[2026-02-23T02:03:43.706Z] >>> [apiv2][query] GET https://secretmanager.googleapis.com/v1/projects/aulavirtual-dfb37/secrets/GEMINI_API_KEY [none]
[2026-02-23T02:03:44.073Z] <<< [apiv2][status] GET https://secretmanager.googleapis.com/v1/projects/aulavirtual-dfb37/secrets/GEMINI_API_KEY 200
[2026-02-23T02:03:44.073Z] <<< [apiv2][body] GET https://secretmanager.googleapis.com/v1/projects/aulavirtual-dfb37/secrets/GEMINI_API_KEY {"name":"projects/593010355388/secrets/GEMINI_API_KEY","replication":{"automatic":{}},"createTime":"2026-02-22T23:16:45.005361Z","labels":{"firebase-managed":"functions"},"etag":"\"164b71d91d3c0a\""}
[2026-02-23T02:03:44.073Z] Checked if tokens are valid: true, expires at: 1771814576619
[2026-02-23T02:03:44.073Z] Checked if tokens are valid: true, expires at: 1771814576619
[2026-02-23T02:03:44.073Z] >>> [apiv2][query] GET https://secretmanager.googleapis.com/v1/projects/aulavirtual-dfb37/secrets/GEMINI_API_KEY/versions/latest [none]
[2026-02-23T02:03:44.399Z] <<< [apiv2][status] GET https://secretmanager.googleapis.com/v1/projects/aulavirtual-dfb37/secrets/GEMINI_API_KEY/versions/latest 200
[2026-02-23T02:03:44.400Z] <<< [apiv2][body] GET https://secretmanager.googleapis.com/v1/projects/aulavirtual-dfb37/secrets/GEMINI_API_KEY/versions/latest {"name":"projects/593010355388/secrets/GEMINI_API_KEY/versions/2","createTime":"2026-02-22T23:50:13.722681Z","state":"ENABLED","replicationStatus":{"automatic":{}},"etag":"\"164b7250c53e39\""}
i  functions: preparing functions directory for uploading... 
i  functions: packaged C:\AppsIA\repogit\Estratega-subeia\sube-gestion\functions (190.07 KB) for uploading 
i  functions: packaged C:\AppsIA\repogit\Estratega-subeia\sube-gestion\functions (190.28 KB) for uploading 
[2026-02-23T02:03:44.747Z] Checked if tokens are valid: true, expires at: 1771814576619
[2026-02-23T02:03:44.747Z] Checked if tokens are valid: true, expires at: 1771814576619
[2026-02-23T02:03:44.748Z] >>> [apiv2][query] GET https://cloudfunctions.googleapis.com/v1/projects/aulavirtual-dfb37/locations/-/functions [none]
[2026-02-23T02:03:46.216Z] <<< [apiv2][status] GET https://cloudfunctions.googleapis.com/v1/projects/aulavirtual-dfb37/locations/-/functions 200
[2026-02-23T02:03:46.216Z] <<< [apiv2][body] GET https://cloudfunctions.googleapis.com/v1/projects/aulavirtual-dfb37/locations/-/functions {"functions":[{"name":"projects/aulavirtual-dfb37/locations/us-central1/functions/onUserCreated","eventTrigger":{"eventType":"providers/firebase.auth/eventTypes/user.create","resource":"projects/aulavirtual-dfb37","service":"firebaseauth.googleapis.com","failurePolicy":{}},"status":"ACTIVE","entryPoint":"onUserCreated","timeout":"60s","availableMemoryMb":256,"serviceAccountEmail":"aulavirtual-dfb37@appspot.gserviceaccount.com","updateTime":"2026-02-22T21:26:22.563Z","versionId":"5","labels":{"deployment-tool":"cli-firebase","firebase-functions-hash":"f1248254dcda8fe99ecc04db14794b8f89c7788c"},"sourceUploadUrl":"https://storage.googleapis.com/uploads-6230297083.us-central1.cloudfunctions.appspot.com/cae16a15-c82c-4fca-8d4d-e1d8728deea9.zip","environmentVariables":{"FIREBASE_CONFIG":"{\"projectId\":\"aulavirtual-dfb37\",\"storageBucket\":\"aulavirtual-dfb37.firebasestorage.app\"}","GCLOUD_PROJECT":"aulavirtual-dfb37","EVENTARC_CLOUD_EVENT_SOURCE":"projects/aulavirtual-dfb37/locations/us-central1/functions/onUserCreated"},"runtime":"nodejs20","maxInstances":3000,"ingressSettings":"ALLOW_ALL","buildId":"f2409eed-3bf3-4d61-b6c4-7571362cbb41","buildEnvironmentVariables":{"GOOGLE_NODE_RUN_SCRIPTS":""},"buildName":"projects/593010355388/locations/us-central1/builds/f2409eed-3bf3-4d61-b6c4-7571362cbb41","dockerRegistry":"ARTIFACT_REGISTRY","automaticUpdatePolicy":{},"buildServiceAccount":"projects/aulavirtual-dfb37/serviceAccounts/593010355388-compute@developer.gserviceaccount.com","satisfiesPzi":true}]}
[2026-02-23T02:03:46.217Z] Checked if tokens are valid: true, expires at: 1771814576619
[2026-02-23T02:03:46.218Z] Checked if tokens are valid: true, expires at: 1771814576619
[2026-02-23T02:03:46.218Z] >>> [apiv2][query] GET https://cloudfunctions.googleapis.com/v2/projects/aulavirtual-dfb37/locations/-/functions filter=environment%3D%22GEN_2%22
[2026-02-23T02:03:47.778Z] <<< [apiv2][status] GET https://cloudfunctions.googleapis.com/v2/projects/aulavirtual-dfb37/locations/-/functions 200
[2026-02-23T02:03:47.778Z] <<< [apiv2][body] GET https://cloudfunctions.googleapis.com/v2/projects/aulavirtual-dfb37/locations/-/functions {"functions":[{"name":"projects/aulavirtual-dfb37/locations/us-central1/functions/onCotizacionCreated","buildConfig":{"build":"projects/593010355388/locations/us-central1/builds/5d9fb718-60a5-4c9e-9c91-2235a93f3a31","runtime":"nodejs20","entryPoint":"onCotizacionCreated","source":{"storageSource":{"bucket":"gcf-v2-sources-593010355388-us-central1","object":"onCotizacionCreated/function-source.zip","generation":"1771794554845580"}},"environmentVariables":{"GOOGLE_NODE_RUN_SCRIPTS":""},"dockerRepository":"projects/aulavirtual-dfb37/locations/us-central1/repositories/gcf-artifacts","sourceProvenance":{"resolvedStorageSource":{"bucket":"gcf-v2-sources-593010355388-us-central1","object":"onCotizacionCreated/function-source.zip","generation":"1771794554845580"}},"dockerRegistry":"ARTIFACT_REGISTRY","serviceAccount":"projects/aulavirtual-dfb37/serviceAccounts/593010355388-compute@developer.gserviceaccount.com","automaticUpdatePolicy":{}},"serviceConfig":{"service":"projects/aulavirtual-dfb37/locations/us-central1/services/oncotizacioncreated","timeoutSeconds":60,"environmentVariables":{"FIREBASE_CONFIG":"{\"projectId\":\"aulavirtual-dfb37\",\"storageBucket\":\"aulavirtual-dfb37.firebasestorage.app\"}","GCLOUD_PROJECT":"aulavirtual-dfb37","EVENTARC_CLOUD_EVENT_SOURCE":"projects/aulavirtual-dfb37/locations/us-central1/services/onCotizacionCreated","FUNCTION_SIGNATURE_TYPE":"cloudevent","FUNCTION_TARGET":"onCotizacionCreated","LOG_EXECUTION_ID":"true"},"maxInstanceCount":20,"ingressSettings":"ALLOW_ALL","uri":"https://oncotizacioncreated-66fpccfqia-uc.a.run.app","serviceAccountEmail":"593010355388-compute@developer.gserviceaccount.com","availableMemory":"256Mi","allTrafficOnLatestRevision":true,"revision":"oncotizacioncreated-00003-gox","maxInstanceRequestConcurrency":80,"availableCpu":"1"},"eventTrigger":{"trigger":"projects/aulavirtual-dfb37/locations/nam5/triggers/oncotizacioncreated-372243","triggerRegion":"nam5","eventType":"google.cloud.firestore.document.v1.created","eventFilters":[{"attribute":"namespace","value":"(default)"},{"attribute":"document","value":"cotizaciones/{docId}","operator":"match-path-pattern"},{"attribute":"database","value":"(default)"}],"pubsubTopic":"projects/aulavirtual-dfb37/topics/eventarc-nam5-oncotizacioncreated-372243-788","serviceAccountEmail":"593010355388-compute@developer.gserviceaccount.com","retryPolicy":"RETRY_POLICY_DO_NOT_RETRY"},"state":"ACTIVE","updateTime":"2026-02-22T21:09:31.654935658Z","labels":{"firebase-functions-hash":"199d5974550fdce0b5135ad4eca0ab417e2d77c8","deployment-tool":"cli-firebase"},"environment":"GEN_2","url":"https://us-central1-aulavirtual-dfb37.cloudfunctions.net/onCotizacionCreated","createTime":"2026-02-22T05:23:21.611227971Z","satisfiesPzi":true},{"name":"projects/aulavirtual-dfb37/locations/us-central1/functions/generarPdf","buildConfig":{"build":"projects/593010355388/locations/us-central1/builds/5d9fb718-60a5-4c9e-9c91-2235a93f3a31","runtime":"nodejs20","entryPoint":"generarPdf","source":{"storageSource":{"bucket":"gcf-v2-sources-593010355388-us-central1","object":"generarPdf/function-source.zip","generation":"1771794554232220"}},"environmentVariables":{"GOOGLE_NODE_RUN_SCRIPTS":""},"dockerRepository":"projects/aulavirtual-dfb37/locations/us-central1/repositories/gcf-artifacts","sourceProvenance":{"resolvedStorageSource":{"bucket":"gcf-v2-sources-593010355388-us-central1","object":"generarPdf/function-source.zip","generation":"1771794554232220"}},"dockerRegistry":"ARTIFACT_REGISTRY","serviceAccount":"projects/aulavirtual-dfb37/serviceAccounts/593010355388-compute@developer.gserviceaccount.com","automaticUpdatePolicy":{}},"serviceConfig":{"service":"projects/aulavirtual-dfb37/locations/us-central1/services/generarpdf","timeoutSeconds":60,"environmentVariables":{"FIREBASE_CONFIG":"{\"projectId\":\"aulavirtual-dfb37\",\"storageBucket\":\"aulavirtual-dfb37.firebasestorage.app\"}","GCLOUD_PROJECT":"aulavirtual-dfb37","EVENTARC_CLOUD_EVENT_SOURCE":"projects/aulavirtual-dfb37/locations/us-central1/services/generarPdf","FUNCTION_TARGET":"generarPdf","LOG_EXECUTION_ID":"true","FUNCTION_SIGNATURE_TYPE":"http"},"maxInstanceCount":20,"ingressSettings":"ALLOW_ALL","uri":"https://generarpdf-66fpccfqia-uc.a.run.app","serviceAccountEmail":"593010355388-compute@developer.gserviceaccount.com","availableMemory":"256Mi","allTrafficOnLatestRevision":true,"revision":"generarpdf-00003-qar","maxInstanceRequestConcurrency":80,"availableCpu":"1"},"state":"ACTIVE","updateTime":"2026-02-22T21:09:29.394902448Z","labels":{"deployment-tool":"cli-firebase","deployment-callable":"true","firebase-functions-hash":"199d5974550fdce0b5135ad4eca0ab417e2d77c8"},"environment":"GEN_2","url":"https://us-central1-aulavirtual-dfb37.cloudfunctions.net/generarPdf","createTime":"2026-02-22T05:23:21.324227291Z","satisfiesPzi":true},{"name":"projects/aulavirtual-dfb37/locations/us-central1/functions/onActividadCreated","buildConfig":{"build":"projects/593010355388/locations/us-central1/builds/5d9fb718-60a5-4c9e-9c91-2235a93f3a31","runtime":"nodejs20","entryPoint":"onActividadCreated","source":{"storageSource":{"bucket":"gcf-v2-sources-593010355388-us-central1","object":"onActividadCreated/function-source.zip","generation":"1771793879582528"}},"environmentVariables":{"GOOGLE_NODE_RUN_SCRIPTS":""},"dockerRepository":"projects/aulavirtual-dfb37/locations/us-central1/repositories/gcf-artifacts","sourceProvenance":{"resolvedStorageSource":{"bucket":"gcf-v2-sources-593010355388-us-central1","object":"onActividadCreated/function-source.zip","generation":"1771793879582528"}},"dockerRegistry":"ARTIFACT_REGISTRY","serviceAccount":"projects/aulavirtual-dfb37/serviceAccounts/593010355388-compute@developer.gserviceaccount.com","automaticUpdatePolicy":{}},"serviceConfig":{"service":"projects/aulavirtual-dfb37/locations/us-central1/services/onactividadcreated","timeoutSeconds":60,"environmentVariables":{"FIREBASE_CONFIG":"{\"projectId\":\"aulavirtual-dfb37\",\"storageBucket\":\"aulavirtual-dfb37.firebasestorage.app\"}","GCLOUD_PROJECT":"aulavirtual-dfb37","EVENTARC_CLOUD_EVENT_SOURCE":"projects/aulavirtual-dfb37/locations/us-central1/services/onActividadCreated","FUNCTION_SIGNATURE_TYPE":"cloudevent","FUNCTION_TARGET":"onActividadCreated","LOG_EXECUTION_ID":"true"},"maxInstanceCount":20,"ingressSettings":"ALLOW_ALL","uri":"https://onactividadcreated-66fpccfqia-uc.a.run.app","serviceAccountEmail":"593010355388-compute@developer.gserviceaccount.com","availableMemory":"256Mi","allTrafficOnLatestRevision":true,"revision":"onactividadcreated-00003-yir","maxInstanceRequestConcurrency":80,"availableCpu":"1"},"eventTrigger":{"trigger":"projects/aulavirtual-dfb37/locations/nam5/triggers/onactividadcreated-742556","triggerRegion":"nam5","eventType":"google.cloud.firestore.document.v1.created","eventFilters":[{"attribute":"document","value":"actividades/{actividadId}","operator":"match-path-pattern"},{"attribute":"database","value":"(default)"},{"attribute":"namespace","value":"(default)"}],"pubsubTopic":"projects/aulavirtual-dfb37/topics/eventarc-nam5-onactividadcreated-742556-843","serviceAccountEmail":"593010355388-compute@developer.gserviceaccount.com","retryPolicy":"RETRY_POLICY_DO_NOT_RETRY"},"state":"ACTIVE","updateTime":"2026-02-22T21:09:31.466648857Z","labels":{"firebase-functions-hash":"199d5974550fdce0b5135ad4eca0ab417e2d77c8","deployment-tool":"cli-firebase"},"environment":"GEN_2","url":"https://us-central1-aulavirtual-dfb37.cloudfunctions.net/onActividadCreated","createTime":"2026-02-22T05:11:51.539568196Z","satisfiesPzi":true},{"name":"projects/aulavirtual-dfb37/locations/us-central1/functions/createStripeCheckout","buildConfig":{"build":"projects/593010355388/locations/us-central1/builds/5d9fb718-60a5-4c9e-9c91-2235a93f3a31","runtime":"nodejs20","entryPoint":"createStripeCheckout","source":{"storageSource":{"bucket":"gcf-v2-sources-593010355388-us-central1","object":"createStripeCheckout/function-source.zip","generation":"1771794554346523"}},"environmentVariables":{"GOOGLE_NODE_RUN_SCRIPTS":""},"dockerRepository":"projects/aulavirtual-dfb37/locations/us-central1/repositories/gcf-artifacts","sourceProvenance":{"resolvedStorageSource":{"bucket":"gcf-v2-sources-593010355388-us-central1","object":"createStripeCheckout/function-source.zip","generation":"1771794554346523"}},"dockerRegistry":"ARTIFACT_REGISTRY","serviceAccount":"projects/aulavirtual-dfb37/serviceAccounts/593010355388-compute@developer.gserviceaccount.com","automaticUpdatePolicy":{}},"serviceConfig":{"service":"projects/aulavirtual-dfb37/locations/us-central1/services/createstripecheckout","timeoutSeconds":60,"environmentVariables":{"FIREBASE_CONFIG":"{\"projectId\":\"aulavirtual-dfb37\",\"storageBucket\":\"aulavirtual-dfb37.firebasestorage.app\"}","GCLOUD_PROJECT":"aulavirtual-dfb37","EVENTARC_CLOUD_EVENT_SOURCE":"projects/aulavirtual-dfb37/locations/us-central1/services/createStripeCheckout","FUNCTION_TARGET":"createStripeCheckout","LOG_EXECUTION_ID":"true","FUNCTION_SIGNATURE_TYPE":"http"},"maxInstanceCount":20,"ingressSettings":"ALLOW_ALL","uri":"https://createstripecheckout-66fpccfqia-uc.a.run.app","serviceAccountEmail":"593010355388-compute@developer.gserviceaccount.com","availableMemory":"256Mi","allTrafficOnLatestRevision":true,"revision":"createstripecheckout-00002-qiv","maxInstanceRequestConcurrency":80,"availableCpu":"1"},"state":"ACTIVE","updateTime":"2026-02-22T21:09:29.395270894Z","labels":{"deployment-tool":"cli-firebase","deployment-callable":"true","firebase-functions-hash":"199d5974550fdce0b5135ad4eca0ab417e2d77c8"},"environment":"GEN_2","url":"https://us-central1-aulavirtual-dfb37.cloudfunctions.net/createStripeCheckout","createTime":"2026-02-22T05:24:26.354241710Z","satisfiesPzi":true}]}
[2026-02-23T02:03:47.783Z] Checked if tokens are valid: true, expires at: 1771814576619
[2026-02-23T02:03:47.783Z] Checked if tokens are valid: true, expires at: 1771814576619
[2026-02-23T02:03:47.784Z] Looking up bucket region for the storage event trigger
[2026-02-23T02:03:47.784Z] Looking up bucket region for the storage event trigger on bucket aulavirtual-dfb37.firebasestorage.app
[2026-02-23T02:03:47.785Z] Checked if tokens are valid: true, expires at: 1771814576619
[2026-02-23T02:03:47.785Z] Checked if tokens are valid: true, expires at: 1771814576619
[2026-02-23T02:03:47.785Z] >>> [apiv2][query] GET https://firestore.googleapis.com/v1/projects/aulavirtual-dfb37/databases/(default) [none]
[2026-02-23T02:03:47.787Z] >>> [apiv2][query] GET https://storage.googleapis.com/storage/v1/b/aulavirtual-dfb37.firebasestorage.app [none]
[2026-02-23T02:03:48.624Z] <<< [apiv2][status] GET https://storage.googleapis.com/storage/v1/b/aulavirtual-dfb37.firebasestorage.app 404
[2026-02-23T02:03:48.625Z] <<< [apiv2][body] GET https://storage.googleapis.com/storage/v1/b/aulavirtual-dfb37.firebasestorage.app {"error":{"code":404,"message":"The specified bucket does not exist.","errors":[{"message":"The specified bucket does not exist.","domain":"global","reason":"notFound"}]}}
Request to https://storage.googleapis.com/storage/v1/b/aulavirtual-dfb37.firebasestorage.app had HTTP Error: 404, The specified bucket does not exist.
[2026-02-23T02:03:48.801Z] FirebaseError: Failed to obtain the storage bucket
    at Object.getBucket (C:\Users\bruno\AppData\Roaming\npm\node_modules\firebase-tools\lib\gcp\storage.js:121:15)
    at process.processTicksAndRejections (node:internal/process/task_queues:105:5)
    at async Object.ensureStorageTriggerRegion [as ensureTriggerRegion] (C:\Users\bruno\AppData\Roaming\npm\node_modules\firebase-tools\lib\deploy\functions\services\storage.js:29:28)
    at async Promise.all (index 3)
    at async ensureTriggerRegions (C:\Users\bruno\AppData\Roaming\npm\node_modules\firebase-tools\lib\deploy\functions\triggerRegionHelper.js:14:5)
    at async prepare (C:\Users\bruno\AppData\Roaming\npm\node_modules\firebase-tools\lib\deploy\functions\prepare.js:188:9)
    at async chain (C:\Users\bruno\AppData\Roaming\npm\node_modules\firebase-tools\lib\deploy\index.js:43:9)
    at async deploy (C:\Users\bruno\AppData\Roaming\npm\node_modules\firebase-tools\lib\deploy\index.js:122:9)

Error: Can't find the storage bucket region
[2026-02-23T02:03:48.948Z] <<< [apiv2][status] GET https://firestore.googleapis.com/v1/projects/aulavirtual-dfb37/databases/(default) 200
[2026-02-23T02:03:48.948Z] <<< [apiv2][body] GET https://firestore.googleapis.com/v1/projects/aulavirtual-dfb37/databases/(default) {"name":"projects/aulavirtual-dfb37/databases/(default)","uid":"5691213b-a4fd-40e4-a6c5-fb21dab7305c","createTime":"2025-04-28T16:50:20.548854Z","updateTime":"2025-04-28T16:50:20.548854Z","locationId":"nam5","type":"FIRESTORE_NATIVE","concurrencyMode":"PESSIMISTIC","versionRetentionPeriod":"3600s","earliestVersionTime":"2026-02-23T01:03:47.985023Z","appEngineIntegrationMode":"DISABLED","keyPrefix":"s","pointInTimeRecoveryEnablement":"POINT_IN_TIME_RECOVERY_DISABLED","deleteProtectionState":"DELETE_PROTECTION_DISABLED","databaseEdition":"STANDARD","freeTier":true,"realtimeUpdatesMode":"REALTIME_UPDATES_MODE_ENABLED","etag":"IKLY1PPC7pIDMJK7n5el5pID"}
